<?xml version="1.0" encoding="UTF-8" ?>
<testsuite errors="0" failures="1" hostname="HBQ" name="assignment3.CalculatorTypeTest" tests="1" time="0.098" timestamp="2012-04-02T05:29:20">
  <properties>
[...]
</properties>
  <testcase classname="assignment3.CalculatorTypeTest" name="testLookUpType" time="0.011">
    <failure message="expected:&lt;null&gt; but was:&lt;RANDOM&gt;" type="junit.framework.AssertionFailedError">junit.framework.AssertionFailedError: expected:&lt;null&gt; but was:&lt;RANDOM&gt;
	at assignment3.CalculatorTypeTest.testLookUpType(CalculatorTypeTest.java:31)
</failure>
  </testcase>
  <system-out><![CDATA[Test LoopupType()
]]></system-out>
  <system-err><![CDATA[]]></system-err>
</testsuite>
